Using pre-set license
Built from '2020.3/staging' branch; Version is '2020.3.18f1 (a7d1c678663c) revision 10998214'; Using compiler version '192528614'; Build Type 'Release'
OS: 'Windows 10 Pro; OS build 19043.1165; Version 2009; 64bit' Language: 'es' Physical Memory: 32678 MB
BatchMode: 1, IsHumanControllingUs: 0, StartBugReporterOnCrash: 0, Is64bit: 1, IsPro: 0

COMMAND LINE ARGUMENTS:
C:\Program Files\Unity\Hub\Editor\2020.3.18f1\Editor\Unity.exe
-adb2
-batchMode
-noUpm
-name
AssetImportWorker0
-projectPath
E:/UnVeranoEnPaz/CarpinchoGameUTU3BC-main
-logFile
Logs/AssetImportWorker0.log
-srvPort
53622
Successfully changed project path to: E:/UnVeranoEnPaz/CarpinchoGameUTU3BC-main
E:/UnVeranoEnPaz/CarpinchoGameUTU3BC-main
Using Asset Import Pipeline V2.
Refreshing native plugins compatible for Editor in 43.43 ms, found 3 plugins.
Preloading 0 native plugins for Editor in 0.00 ms.
Initialize engine version: 2020.3.18f1 (a7d1c678663c)
[Subsystems] Discovering subsystems at path C:/Program Files/Unity/Hub/Editor/2020.3.18f1/Editor/Data/Resources/UnitySubsystems
[Subsystems] Discovering subsystems at path E:/UnVeranoEnPaz/CarpinchoGameUTU3BC-main/Assets
GfxDevice: creating device client; threaded=0
Direct3D:
    Version:  Direct3D 11.0 [level 11.1]
    Renderer: NVIDIA GeForce RTX 2070 SUPER (ID=0x1e84)
    Vendor:   
    VRAM:     8011 MB
    Driver:   30.0.14.7196
Initialize mono
Mono path[0] = 'C:/Program Files/Unity/Hub/Editor/2020.3.18f1/Editor/Data/Managed'
Mono path[1] = 'C:/Program Files/Unity/Hub/Editor/2020.3.18f1/Editor/Data/MonoBleedingEdge/lib/mono/unityjit'
Mono config path = 'C:/Program Files/Unity/Hub/Editor/2020.3.18f1/Editor/Data/MonoBleedingEdge/etc'
Using monoOptions --debugger-agent=transport=dt_socket,embedding=1,server=y,suspend=n,address=127.0.0.1:56060
Begin MonoManager ReloadAssembly
Registering precompiled unity dll's ...
Register platform support module: C:/Program Files/Unity/Hub/Editor/2020.3.18f1/Editor/Data/PlaybackEngines/WindowsStandaloneSupport/UnityEditor.WindowsStandalone.Extensions.dll
Registered in 0.001869 seconds.
Native extension for WindowsStandalone target not found
Refreshing native plugins compatible for Editor in 44.55 ms, found 3 plugins.
Preloading 0 native plugins for Editor in 0.00 ms.
Mono: successfully reloaded assembly
- Completed reload, in  1.054 seconds
Domain Reload Profiling:
	ReloadAssembly (1055ms)
		BeginReloadAssembly (52ms)
			ExecutionOrderSort (0ms)
			DisableScriptedObjects (0ms)
			BackupInstance (0ms)
			ReleaseScriptingObjects (0ms)
			CreateAndSetChildDomain (1ms)
		EndReloadAssembly (428ms)
			LoadAssemblies (50ms)
			RebuildTransferFunctionScriptingTraits (0ms)
			SetupTypeCache (156ms)
			ReleaseScriptCaches (0ms)
			RebuildScriptCaches (32ms)
			SetupLoadedEditorAssemblies (167ms)
				LogAssemblyErrors (0ms)
				InitializePlatformSupportModulesInManaged (4ms)
				SetLoadedEditorAssemblies (0ms)
				RefreshPlugins (45ms)
				BeforeProcessingInitializeOnLoad (8ms)
				ProcessInitializeOnLoadAttributes (81ms)
				ProcessInitializeOnLoadMethodAttributes (28ms)
				AfterProcessingInitializeOnLoad (0ms)
				EditorAssembliesLoaded (0ms)
			ExecutionOrderSort2 (0ms)
			AwakeInstancesAfterBackupRestoration (0ms)
Platform modules already initialized, skipping
Registering precompiled user dll's ...
Registered in 0.002128 seconds.
Begin MonoManager ReloadAssembly
Native extension for WindowsStandalone target not found
Refreshing native plugins compatible for Editor in 43.10 ms, found 3 plugins.
Preloading 0 native plugins for Editor in 0.00 ms.
Mono: successfully reloaded assembly
- Completed reload, in  1.093 seconds
Domain Reload Profiling:
	ReloadAssembly (1094ms)
		BeginReloadAssembly (143ms)
			ExecutionOrderSort (0ms)
			DisableScriptedObjects (4ms)
			BackupInstance (0ms)
			ReleaseScriptingObjects (0ms)
			CreateAndSetChildDomain (18ms)
		EndReloadAssembly (887ms)
			LoadAssemblies (87ms)
			RebuildTransferFunctionScriptingTraits (0ms)
			SetupTypeCache (295ms)
			ReleaseScriptCaches (0ms)
			RebuildScriptCaches (48ms)
			SetupLoadedEditorAssemblies (330ms)
				LogAssemblyErrors (0ms)
				InitializePlatformSupportModulesInManaged (4ms)
				SetLoadedEditorAssemblies (0ms)
				RefreshPlugins (43ms)
				BeforeProcessingInitializeOnLoad (64ms)
				ProcessInitializeOnLoadAttributes (199ms)
				ProcessInitializeOnLoadMethodAttributes (13ms)
				AfterProcessingInitializeOnLoad (6ms)
				EditorAssembliesLoaded (0ms)
			ExecutionOrderSort2 (0ms)
			AwakeInstancesAfterBackupRestoration (6ms)
Platform modules already initialized, skipping
========================================================================
Worker process is ready to serve import requests
Launched and connected shader compiler UnityShaderCompiler.exe after 0.07 seconds
Refreshing native plugins compatible for Editor in 0.43 ms, found 3 plugins.
Preloading 0 native plugins for Editor in 0.00 ms.
Unloading 2115 Unused Serialized files (Serialized files now loaded: 0)
System memory in use before: 95.5 MB.
System memory in use after: 95.6 MB.

Unloading 26 unused Assets to reduce memory usage. Loaded Objects now: 2555.
Total: 3.217200 ms (FindLiveObjects: 0.197000 ms CreateObjectMapping: 0.088600 ms MarkObjects: 2.858000 ms  DeleteObjects: 0.072500 ms)

AssetImportParameters requested are different than current active one (requested -> active):
  custom:framework-win-MediaFoundation: 216162199b28c13a410421893ffa2e32 -> 
  custom:video-decoder-ogg-theora: a1e56fd34408186e4bbccfd4996cb3dc -> 
  custom:container-muxer-webm: aa71ff27fc2769a1b78a27578f13a17b -> 
  custom:container-demuxer-webm: 4f35f7cbe854078d1ac9338744f61a02 -> 
  custom:container-demuxer-ogg: 62fdf1f143b41e24485cea50d1cbac27 -> 
  custom:video-encoder-webm-vp8: eb34c28f22e8b96e1ab97ce403110664 -> 
  custom:video-decoder-webm-vp8: 9c59270c3fd7afecdb556c50c9e8de78 -> 
  custom:audio-decoder-ogg-vorbis: bf7c407c2cedff20999df2af8eb42d56 -> 
  custom:audio-encoder-webm-vorbis: bf7c407c2cedff20999df2af8eb42d56 -> 
========================================================================
Received Import Request.
  path: Assets/Scenes/tutorialInicio 1.unity
  artifactKey: Guid(f01c4a25c233e1a4496eec61bbd23372) Importer(815301076,1909f56bfc062723c751e8b465ee728b)
Start importing Assets/Scenes/tutorialInicio 1.unity using Guid(f01c4a25c233e1a4496eec61bbd23372) Importer(815301076,1909f56bfc062723c751e8b465ee728b)  -> (artifact id: '012c605346ae79957db076ee06e0475f') in 0.047270 seconds 
  Import took 0.050270 seconds .

========================================================================
Received Import Request.
  Time since last request: 26.263591 seconds.
  path: Assets/Scenes/tutorialInicio.unity
  artifactKey: Guid(0a48ecf2db79440469236bf5d15c2925) Importer(815301076,1909f56bfc062723c751e8b465ee728b)
Start importing Assets/Scenes/tutorialInicio.unity using Guid(0a48ecf2db79440469236bf5d15c2925) Importer(815301076,1909f56bfc062723c751e8b465ee728b)  -> (artifact id: 'd1dc5ea6d4bfad7e2601111ffaf9de9b') in 0.040681 seconds 
  Import took 0.043744 seconds .

========================================================================
Received Import Request.
  Time since last request: 18.026104 seconds.
  path: Assets/Scenes/tutorialInicio.unity
  artifactKey: Guid(0a48ecf2db79440469236bf5d15c2925) Importer(815301076,1909f56bfc062723c751e8b465ee728b)
Start importing Assets/Scenes/tutorialInicio.unity using Guid(0a48ecf2db79440469236bf5d15c2925) Importer(815301076,1909f56bfc062723c751e8b465ee728b)  -> (artifact id: '7ae1e945ac7c120c7d02dc74a4887bb4') in 0.041175 seconds 
  Import took 0.044340 seconds .

========================================================================
Received Import Request.
  Time since last request: 14.866866 seconds.
  path: Assets/Scenes/tutorialInicio.unity
  artifactKey: Guid(0a48ecf2db79440469236bf5d15c2925) Importer(815301076,1909f56bfc062723c751e8b465ee728b)
Start importing Assets/Scenes/tutorialInicio.unity using Guid(0a48ecf2db79440469236bf5d15c2925) Importer(815301076,1909f56bfc062723c751e8b465ee728b)  -> (artifact id: '682390855ef8ea08683da9655bac7a28') in 0.041513 seconds 
  Import took 0.044690 seconds .

========================================================================
Received Import Request.
  Time since last request: 42.989587 seconds.
  path: Assets/Scenes/MENUPRINCIPAL.unity
  artifactKey: Guid(76343d4abdf133f4b81d4cd1128b35ad) Importer(815301076,1909f56bfc062723c751e8b465ee728b)
Start importing Assets/Scenes/MENUPRINCIPAL.unity using Guid(76343d4abdf133f4b81d4cd1128b35ad) Importer(815301076,1909f56bfc062723c751e8b465ee728b)  -> (artifact id: 'df35ffaade4193f58e7f65f668ce4d3d') in 0.041585 seconds 
  Import took 0.044938 seconds .

========================================================================
Received Import Request.
  Time since last request: 4.134223 seconds.
  path: Assets/Scenes/tutorialInicio.unity
  artifactKey: Guid(0a48ecf2db79440469236bf5d15c2925) Importer(815301076,1909f56bfc062723c751e8b465ee728b)
Start importing Assets/Scenes/tutorialInicio.unity using Guid(0a48ecf2db79440469236bf5d15c2925) Importer(815301076,1909f56bfc062723c751e8b465ee728b)  -> (artifact id: '137cc80012e5a45230eda1ae48a570f3') in 0.034081 seconds 
  Import took 0.037160 seconds .

========================================================================
Received Import Request.
  Time since last request: 8.647873 seconds.
  path: Assets/scripts/control.cs
  artifactKey: Guid(897524ba3e565654080fa1c435f4654d) Importer(815301076,1909f56bfc062723c751e8b465ee728b)
Start importing Assets/scripts/control.cs using Guid(897524ba3e565654080fa1c435f4654d) Importer(815301076,1909f56bfc062723c751e8b465ee728b)  -> (artifact id: '77a555103ab2f25ac59e9046aaee2da2') in 0.047865 seconds 
  Import took 0.051023 seconds .

========================================================================
Received Prepare
Refreshing native plugins compatible for Editor in 2.76 ms, found 3 plugins.
Preloading 0 native plugins for Editor in 0.00 ms.
Unloading 12 Unused Serialized files (Serialized files now loaded: 0)
System memory in use before: 52.4 MB.
System memory in use after: 52.6 MB.

Unloading 12 unused Assets to reduce memory usage. Loaded Objects now: 2555.
Total: 3.933600 ms (FindLiveObjects: 0.216200 ms CreateObjectMapping: 0.089600 ms MarkObjects: 3.604700 ms  DeleteObjects: 0.022100 ms)

AssetImportParameters requested are different than current active one (requested -> active):
  custom:framework-win-MediaFoundation: 216162199b28c13a410421893ffa2e32 -> 
  custom:video-decoder-ogg-theora: a1e56fd34408186e4bbccfd4996cb3dc -> 
  custom:container-muxer-webm: aa71ff27fc2769a1b78a27578f13a17b -> 
  custom:container-demuxer-webm: 4f35f7cbe854078d1ac9338744f61a02 -> 
  custom:container-demuxer-ogg: 62fdf1f143b41e24485cea50d1cbac27 -> 
  custom:video-encoder-webm-vp8: eb34c28f22e8b96e1ab97ce403110664 -> 
  custom:video-decoder-webm-vp8: 9c59270c3fd7afecdb556c50c9e8de78 -> 
  custom:audio-decoder-ogg-vorbis: bf7c407c2cedff20999df2af8eb42d56 -> 
  custom:audio-encoder-webm-vorbis: bf7c407c2cedff20999df2af8eb42d56 -> 
AssetImportWorkerClient::OnTransportError - code=2 error=End of file
